{"/home/mioty/candidate-manager/backend/src/models/Candidate.ts": {"path":"/home/mioty/candidate-manager/backend/src/models/Candidate.ts","statementMap":{"0":{"start":{"line":1,"column":0},"end":{"line":1,"column":54}},"1":{"start":{"line":16,"column":24},"end":{"line":35,"column":null}},"2":{"start":{"line":38,"column":0},"end":{"line":38,"column":40}},"3":{"start":{"line":39,"column":0},"end":{"line":39,"column":64}},"4":{"start":{"line":41,"column":13},"end":{"line":41,"column":82}}},"fnMap":{},"branchMap":{},"s":{"0":5,"1":5,"2":5,"3":5,"4":5},"f":{},"b":{}}
,"/home/mioty/candidate-manager/backend/src/services/auth.service.ts": {"path":"/home/mioty/candidate-manager/backend/src/services/auth.service.ts","statementMap":{"0":{"start":{"line":47,"column":0},"end":{"line":47,"column":16}},"1":{"start":{"line":1,"column":0},"end":{"line":1,"column":31}},"2":{"start":{"line":2,"column":0},"end":{"line":2,"column":52}},"3":{"start":{"line":12,"column":21},"end":{"line":12,"column":38}},"4":{"start":{"line":13,"column":21},"end":{"line":13,"column":41}},"5":{"start":{"line":14,"column":21},"end":{"line":14,"column":39}},"6":{"start":{"line":15,"column":21},"end":{"line":15,"column":42}},"7":{"start":{"line":19,"column":4},"end":{"line":24,"column":5}},"8":{"start":{"line":23,"column":6},"end":{"line":23,"column":60}},"9":{"start":{"line":26,"column":38},"end":{"line":29,"column":6}},"10":{"start":{"line":31,"column":18},"end":{"line":33,"column":25}},"11":{"start":{"line":35,"column":4},"end":{"line":35,"column":21}},"12":{"start":{"line":39,"column":4},"end":{"line":43,"column":5}},"13":{"start":{"line":40,"column":6},"end":{"line":40,"column":67}},"14":{"start":{"line":42,"column":6},"end":{"line":42,"column":62}},"15":{"start":{"line":10,"column":0},"end":{"line":10,"column":13}},"16":{"start":{"line":48,"column":20},"end":{"line":48,"column":42}},"17":{"start":{"line":49,"column":2},"end":{"line":51,"column":3}},"18":{"start":{"line":50,"column":4},"end":{"line":50,"column":65}},"19":{"start":{"line":53,"column":2},"end":{"line":58,"column":4}}},"fnMap":{"0":{"name":"(anonymous_1)","decl":{"start":{"line":11,"column":2},"end":{"line":11,"column":null}},"loc":{"start":{"line":15,"column":42},"end":{"line":16,"column":6}}},"1":{"name":"(anonymous_2)","decl":{"start":{"line":18,"column":2},"end":{"line":18,"column":7}},"loc":{"start":{"line":18,"column":31},"end":{"line":36,"column":3}}},"2":{"name":"(anonymous_3)","decl":{"start":{"line":38,"column":2},"end":{"line":38,"column":13}},"loc":{"start":{"line":38,"column":27},"end":{"line":44,"column":3}}},"3":{"name":"createAuthService","decl":{"start":{"line":47,"column":16},"end":{"line":47,"column":33}},"loc":{"start":{"line":47,"column":33},"end":{"line":59,"column":1}}}},"branchMap":{"0":{"loc":{"start":{"line":19,"column":4},"end":{"line":24,"column":5}},"type":"if","locations":[{"start":{"line":19,"column":4},"end":{"line":24,"column":5}}]},"1":{"loc":{"start":{"line":20,"column":6},"end":{"line":21,"column":49}},"type":"binary-expr","locations":[{"start":{"line":20,"column":6},"end":{"line":20,"column":43}},{"start":{"line":21,"column":6},"end":{"line":21,"column":49}}]},"2":{"loc":{"start":{"line":49,"column":2},"end":{"line":51,"column":3}},"type":"if","locations":[{"start":{"line":49,"column":2},"end":{"line":51,"column":3}}]},"3":{"loc":{"start":{"line":49,"column":6},"end":{"line":49,"column":41}},"type":"binary-expr","locations":[{"start":{"line":49,"column":6},"end":{"line":49,"column":16}},{"start":{"line":49,"column":20},"end":{"line":49,"column":41}}]},"4":{"loc":{"start":{"line":55,"column":4},"end":{"line":55,"column":38}},"type":"binary-expr","locations":[{"start":{"line":55,"column":4},"end":{"line":55,"column":30}},{"start":{"line":55,"column":34},"end":{"line":55,"column":38}}]},"5":{"loc":{"start":{"line":56,"column":4},"end":{"line":56,"column":49}},"type":"binary-expr","locations":[{"start":{"line":56,"column":4},"end":{"line":56,"column":26}},{"start":{"line":56,"column":30},"end":{"line":56,"column":49}}]},"6":{"loc":{"start":{"line":57,"column":4},"end":{"line":57,"column":44}},"type":"binary-expr","locations":[{"start":{"line":57,"column":4},"end":{"line":57,"column":29}},{"start":{"line":57,"column":33},"end":{"line":57,"column":44}}]}},"s":{"0":4,"1":4,"2":4,"3":4,"4":4,"5":4,"6":4,"7":19,"8":5,"9":14,"10":14,"11":14,"12":18,"13":18,"14":1,"15":4,"16":3,"17":3,"18":0,"19":3},"f":{"0":4,"1":19,"2":18,"3":3},"b":{"0":[5],"1":[19,18],"2":[0],"3":[3,3],"4":[3,0],"5":[3,0],"6":[3,0]}}
,"/home/mioty/candidate-manager/backend/src/services/candidate.service.ts": {"path":"/home/mioty/candidate-manager/backend/src/services/candidate.service.ts","statementMap":{"0":{"start":{"line":154,"column":0},"end":{"line":154,"column":16}},"1":{"start":{"line":1,"column":0},"end":{"line":1,"column":32}},"2":{"start":{"line":2,"column":0},"end":{"line":2,"column":65}},"3":{"start":{"line":3,"column":0},"end":{"line":3,"column":65}},"4":{"start":{"line":6,"column":2},"end":{"line":8,"column":3}},"5":{"start":{"line":7,"column":4},"end":{"line":7,"column":52}},"6":{"start":{"line":31,"column":31},"end":{"line":31,"column":56}},"7":{"start":{"line":34,"column":4},"end":{"line":51,"column":5}},"8":{"start":{"line":35,"column":24},"end":{"line":39,"column":8}},"9":{"start":{"line":40,"column":6},"end":{"line":40,"column":23}},"10":{"start":{"line":42,"column":6},"end":{"line":49,"column":7}},"11":{"start":{"line":48,"column":8},"end":{"line":48,"column":77}},"12":{"start":{"line":50,"column":6},"end":{"line":50,"column":18}},"13":{"start":{"line":55,"column":4},"end":{"line":55,"column":22}},"14":{"start":{"line":56,"column":22},"end":{"line":59,"column":6}},"15":{"start":{"line":60,"column":4},"end":{"line":62,"column":5}},"16":{"start":{"line":61,"column":6},"end":{"line":61,"column":54}},"17":{"start":{"line":63,"column":4},"end":{"line":63,"column":21}},"18":{"start":{"line":67,"column":44},"end":{"line":67,"column":63}},"19":{"start":{"line":69,"column":4},"end":{"line":71,"column":5}},"20":{"start":{"line":70,"column":6},"end":{"line":70,"column":37}},"21":{"start":{"line":73,"column":4},"end":{"line":76,"column":5}},"22":{"start":{"line":74,"column":20},"end":{"line":74,"column":49}},"23":{"start":{"line":75,"column":6},"end":{"line":75,"column":63}},"24":{"start":{"line":78,"column":17},"end":{"line":78,"column":51}},"25":{"start":{"line":80,"column":26},"end":{"line":86,"column":6}},"26":{"start":{"line":88,"column":4},"end":{"line":94,"column":6}},"27":{"start":{"line":98,"column":4},"end":{"line":98,"column":22}},"28":{"start":{"line":99,"column":22},"end":{"line":102,"column":null}},"29":{"start":{"line":105,"column":4},"end":{"line":107,"column":5}},"30":{"start":{"line":106,"column":6},"end":{"line":106,"column":54}},"31":{"start":{"line":109,"column":4},"end":{"line":109,"column":21}},"32":{"start":{"line":113,"column":4},"end":{"line":113,"column":22}},"33":{"start":{"line":114,"column":22},"end":{"line":117,"column":null}},"34":{"start":{"line":120,"column":4},"end":{"line":122,"column":5}},"35":{"start":{"line":121,"column":6},"end":{"line":121,"column":54}},"36":{"start":{"line":124,"column":4},"end":{"line":124,"column":21}},"37":{"start":{"line":128,"column":22},"end":{"line":128,"column":45}},"38":{"start":{"line":130,"column":4},"end":{"line":132,"column":5}},"39":{"start":{"line":131,"column":6},"end":{"line":131,"column":23}},"40":{"start":{"line":134,"column":4},"end":{"line":134,"column":45}},"41":{"start":{"line":136,"column":20},"end":{"line":139,"column":null}},"42":{"start":{"line":142,"column":4},"end":{"line":144,"column":5}},"43":{"start":{"line":143,"column":6},"end":{"line":143,"column":54}},"44":{"start":{"line":146,"column":4},"end":{"line":146,"column":19}},"45":{"start":{"line":150,"column":4},"end":{"line":150,"column":61}},"46":{"start":{"line":150,"column":36},"end":{"line":150,"column":59}},"47":{"start":{"line":30,"column":0},"end":{"line":30,"column":13}},"48":{"start":{"line":155,"column":16},"end":{"line":155,"column":63}},"49":{"start":{"line":156,"column":2},"end":{"line":156,"column":37}}},"fnMap":{"0":{"name":"assertValidId","decl":{"start":{"line":5,"column":9},"end":{"line":5,"column":22}},"loc":{"start":{"line":5,"column":33},"end":{"line":9,"column":1}}},"1":{"name":"(anonymous_2)","decl":{"start":{"line":31,"column":2},"end":{"line":31,"column":31}},"loc":{"start":{"line":31,"column":56},"end":{"line":31,"column":60}}},"2":{"name":"(anonymous_3)","decl":{"start":{"line":33,"column":2},"end":{"line":33,"column":7}},"loc":{"start":{"line":33,"column":41},"end":{"line":52,"column":3}}},"3":{"name":"(anonymous_4)","decl":{"start":{"line":54,"column":2},"end":{"line":54,"column":7}},"loc":{"start":{"line":54,"column":27},"end":{"line":64,"column":3}}},"4":{"name":"(anonymous_5)","decl":{"start":{"line":66,"column":2},"end":{"line":66,"column":7}},"loc":{"start":{"line":66,"column":43},"end":{"line":95,"column":3}}},"5":{"name":"(anonymous_6)","decl":{"start":{"line":97,"column":2},"end":{"line":97,"column":7}},"loc":{"start":{"line":97,"column":53},"end":{"line":110,"column":3}}},"6":{"name":"(anonymous_7)","decl":{"start":{"line":112,"column":2},"end":{"line":112,"column":7}},"loc":{"start":{"line":112,"column":29},"end":{"line":125,"column":3}}},"7":{"name":"(anonymous_8)","decl":{"start":{"line":127,"column":2},"end":{"line":127,"column":7}},"loc":{"start":{"line":127,"column":32},"end":{"line":147,"column":3}}},"8":{"name":"(anonymous_9)","decl":{"start":{"line":149,"column":10},"end":{"line":149,"column":15}},"loc":{"start":{"line":149,"column":26},"end":{"line":151,"column":3}}},"9":{"name":"(anonymous_10)","decl":{"start":{"line":150,"column":23},"end":{"line":150,"column":24}},"loc":{"start":{"line":150,"column":36},"end":{"line":150,"column":59}}},"10":{"name":"createCandidateService","decl":{"start":{"line":154,"column":16},"end":{"line":154,"column":38}},"loc":{"start":{"line":154,"column":38},"end":{"line":157,"column":1}}}},"branchMap":{"0":{"loc":{"start":{"line":6,"column":2},"end":{"line":8,"column":3}},"type":"if","locations":[{"start":{"line":6,"column":2},"end":{"line":8,"column":3}}]},"1":{"loc":{"start":{"line":42,"column":6},"end":{"line":49,"column":7}},"type":"if","locations":[{"start":{"line":42,"column":6},"end":{"line":49,"column":7}}]},"2":{"loc":{"start":{"line":43,"column":8},"end":{"line":46,"column":50}},"type":"binary-expr","locations":[{"start":{"line":43,"column":8},"end":{"line":43,"column":13}},{"start":{"line":44,"column":8},"end":{"line":44,"column":33}},{"start":{"line":45,"column":8},"end":{"line":45,"column":23}},{"start":{"line":46,"column":9},"end":{"line":46,"column":50}}]},"3":{"loc":{"start":{"line":60,"column":4},"end":{"line":62,"column":5}},"type":"if","locations":[{"start":{"line":60,"column":4},"end":{"line":62,"column":5}}]},"4":{"loc":{"start":{"line":69,"column":4},"end":{"line":71,"column":5}},"type":"if","locations":[{"start":{"line":69,"column":4},"end":{"line":71,"column":5}}]},"5":{"loc":{"start":{"line":73,"column":4},"end":{"line":76,"column":5}},"type":"if","locations":[{"start":{"line":73,"column":4},"end":{"line":76,"column":5}}]},"6":{"loc":{"start":{"line":93,"column":18},"end":{"line":93,"column":55}},"type":"binary-expr","locations":[{"start":{"line":93,"column":18},"end":{"line":93,"column":50}},{"start":{"line":93,"column":54},"end":{"line":93,"column":55}}]},"7":{"loc":{"start":{"line":105,"column":4},"end":{"line":107,"column":5}},"type":"if","locations":[{"start":{"line":105,"column":4},"end":{"line":107,"column":5}}]},"8":{"loc":{"start":{"line":120,"column":4},"end":{"line":122,"column":5}},"type":"if","locations":[{"start":{"line":120,"column":4},"end":{"line":122,"column":5}}]},"9":{"loc":{"start":{"line":130,"column":4},"end":{"line":132,"column":5}},"type":"if","locations":[{"start":{"line":130,"column":4},"end":{"line":132,"column":5}}]},"10":{"loc":{"start":{"line":142,"column":4},"end":{"line":144,"column":5}},"type":"if","locations":[{"start":{"line":142,"column":4},"end":{"line":144,"column":5}}]},"11":{"loc":{"start":{"line":155,"column":23},"end":{"line":155,"column":62}},"type":"binary-expr","locations":[{"start":{"line":155,"column":23},"end":{"line":155,"column":54}},{"start":{"line":155,"column":58},"end":{"line":155,"column":62}}]}},"s":{"0":4,"1":4,"2":4,"3":4,"4":15,"5":2,"6":4,"7":17,"8":17,"9":16,"10":1,"11":1,"12":0,"13":11,"14":9,"15":9,"16":3,"17":6,"18":4,"19":4,"20":1,"21":4,"22":1,"23":1,"24":4,"25":4,"26":4,"27":2,"28":2,"29":2,"30":0,"31":2,"32":2,"33":2,"34":2,"35":0,"36":2,"37":4,"38":4,"39":1,"40":3,"41":3,"42":3,"43":0,"44":3,"45":3,"46":3,"47":4,"48":3,"49":3},"f":{"0":15,"1":4,"2":17,"3":11,"4":4,"5":2,"6":2,"7":4,"8":3,"9":3,"10":3},"b":{"0":[2],"1":[1],"2":[1,1,1,1],"3":[3],"4":[1],"5":[1],"6":[4,0],"7":[0],"8":[0],"9":[1],"10":[0],"11":[3,0]}}
}
