TN:
SF:src/models/Candidate.ts
FNF:0
FNH:0
DA:1,5
DA:16,5
DA:38,5
DA:39,5
DA:41,5
LF:5
LH:5
BRF:0
BRH:0
end_of_record
TN:
SF:src/services/auth.service.ts
FN:11,(anonymous_1)
FN:18,(anonymous_2)
FN:38,(anonymous_3)
FN:47,createAuthService
FNF:4
FNH:4
FNDA:4,(anonymous_1)
FNDA:19,(anonymous_2)
FNDA:18,(anonymous_3)
FNDA:3,createAuthService
DA:1,4
DA:2,4
DA:10,4
DA:12,4
DA:13,4
DA:14,4
DA:15,4
DA:19,19
DA:23,5
DA:26,14
DA:31,14
DA:35,14
DA:39,18
DA:40,18
DA:42,1
DA:47,4
DA:48,3
DA:49,3
DA:50,0
DA:53,3
LF:20
LH:19
BRDA:19,0,0,5
BRDA:20,1,0,19
BRDA:20,1,1,18
BRDA:49,2,0,0
BRDA:49,3,0,3
BRDA:49,3,1,3
BRDA:55,4,0,3
BRDA:55,4,1,0
BRDA:56,5,0,3
BRDA:56,5,1,0
BRDA:57,6,0,3
BRDA:57,6,1,0
BRF:12
BRH:8
end_of_record
TN:
SF:src/services/candidate.service.ts
FN:5,assertValidId
FN:31,(anonymous_2)
FN:33,(anonymous_3)
FN:54,(anonymous_4)
FN:66,(anonymous_5)
FN:97,(anonymous_6)
FN:112,(anonymous_7)
FN:127,(anonymous_8)
FN:149,(anonymous_9)
FN:150,(anonymous_10)
FN:154,createCandidateService
FNF:11
FNH:11
FNDA:15,assertValidId
FNDA:4,(anonymous_2)
FNDA:17,(anonymous_3)
FNDA:11,(anonymous_4)
FNDA:4,(anonymous_5)
FNDA:2,(anonymous_6)
FNDA:2,(anonymous_7)
FNDA:4,(anonymous_8)
FNDA:3,(anonymous_9)
FNDA:3,(anonymous_10)
FNDA:3,createCandidateService
DA:1,4
DA:2,4
DA:3,4
DA:6,15
DA:7,2
DA:30,4
DA:31,4
DA:34,17
DA:35,17
DA:40,16
DA:42,1
DA:48,1
DA:50,0
DA:55,11
DA:56,9
DA:60,9
DA:61,3
DA:63,6
DA:67,4
DA:69,4
DA:70,1
DA:73,4
DA:74,1
DA:75,1
DA:78,4
DA:80,4
DA:88,4
DA:98,2
DA:99,2
DA:105,2
DA:106,0
DA:109,2
DA:113,2
DA:114,2
DA:120,2
DA:121,0
DA:124,2
DA:128,4
DA:130,4
DA:131,1
DA:134,3
DA:136,3
DA:142,3
DA:143,0
DA:146,3
DA:150,3
DA:154,4
DA:155,3
DA:156,3
LF:49
LH:45
BRDA:6,0,0,2
BRDA:42,1,0,1
BRDA:43,2,0,1
BRDA:43,2,1,1
BRDA:43,2,2,1
BRDA:43,2,3,1
BRDA:60,3,0,3
BRDA:69,4,0,1
BRDA:73,5,0,1
BRDA:93,6,0,4
BRDA:93,6,1,0
BRDA:105,7,0,0
BRDA:120,8,0,0
BRDA:130,9,0,1
BRDA:142,10,0,0
BRDA:155,11,0,3
BRDA:155,11,1,0
BRF:17
BRH:12
end_of_record
